<?xml version="1.0" encoding="UTF-8"?>
<!-- Generated by org.testng.reporters.JUnitReportReporter -->
<testsuite hostname="DESKTOP-Q59R3VD" failures="0" tests="3" name="test.OpenSignUp" time="76.545" errors="0" timestamp="2023-03-19T22:56:12 EDT" skipped="0">
  <testcase classname="test.OpenSignUp" name="testSignUp" time="30.495"/>
  <system-out/>
  <testcase classname="test.OpenSignUp" name="testSignUp" time="23.064"/>
  <system-out/>
  <testcase classname="test.OpenSignUp" name="testSignUp" time="22.986"/>
  <system-out/>
</testsuite> <!-- test.OpenSignUp -->
